# JRE version: Java(TM) SE Runtime Environment (8.0_92-b14) (build 1.8.0_92-b14)
# Java VM: Java HotSpot(TM) Client VM (25.92-b14 mixed mode windows-x86 )
Heap:
 def new generation   total 39424K, used 22869K [0x05400000, 0x07ec0000, 0x0fea0000)
  eden space 35072K,  65% used [0x05400000, 0x06a554c0, 0x07640000)
  from space 4352K,   0% used [0x07a80000, 0x07a801f8, 0x07ec0000)
  to   space 4352K,   0% used [0x07640000, 0x07640000, 0x07a80000)
 tenured generation   total 87424K, used 65656K [0x0fea0000, 0x15400000, 0x25400000)
   the space 87424K,  75% used [0x0fea0000, 0x13ebe1c0, 0x13ebe200, 0x15400000)
 Metaspace       used 18770K, capacity 19183K, committed 19200K, reserved 19840K
GC Heap History (10 events):
Event: 83734.063 GC heap before
{Heap before GC invocations=77 (full 1):
 def new generation   total 39424K, used 35072K [0x05400000, 0x07ec0000, 0x0fea0000)
  eden space 35072K, 100% used [0x05400000, 0x07640000, 0x07640000)
  from space 4352K,   0% used [0x07640000, 0x076401d0, 0x07a80000)
  to   space 4352K,   0% used [0x07a80000, 0x07a80000, 0x07ec0000)
 tenured generation   total 87424K, used 65656K [0x0fea0000, 0x15400000, 0x25400000)
   the space 87424K,  75% used [0x0fea0000, 0x13ebe1c0, 0x13ebe200, 0x15400000)
 Metaspace       used 18770K, capacity 19183K, committed 19200K, reserved 19840K
Event: 83734.065 GC heap after
Heap after GC invocations=78 (full 1):
 def new generation   total 39424K, used 0K [0x05400000, 0x07ec0000, 0x0fea0000)
  eden space 35072K,   0% used [0x05400000, 0x05400000, 0x07640000)
  from space 4352K,   0% used [0x07a80000, 0x07a801e0, 0x07ec0000)
  to   space 4352K,   0% used [0x07640000, 0x07640000, 0x07a80000)
 tenured generation   total 87424K, used 65656K [0x0fea0000, 0x15400000, 0x25400000)
   the space 87424K,  75% used [0x0fea0000, 0x13ebe1c0, 0x13ebe200, 0x15400000)
 Metaspace       used 18770K, capacity 19183K, committed 19200K, reserved 19840K
}
Event: 83743.534 GC heap before
{Heap before GC invocations=78 (full 1):
 def new generation   total 39424K, used 35072K [0x05400000, 0x07ec0000, 0x0fea0000)
  eden space 35072K, 100% used [0x05400000, 0x07640000, 0x07640000)
  from space 4352K,   0% used [0x07a80000, 0x07a801e0, 0x07ec0000)
  to   space 4352K,   0% used [0x07640000, 0x07640000, 0x07a80000)
 tenured generation   total 87424K, used 65656K [0x0fea0000, 0x15400000, 0x25400000)
   the space 87424K,  75% used [0x0fea0000, 0x13ebe1c0, 0x13ebe200, 0x15400000)
 Metaspace       used 18770K, capacity 19183K, committed 19200K, reserved 19840K
Event: 83743.537 GC heap after
Heap after GC invocations=79 (full 1):
 def new generation   total 39424K, used 0K [0x05400000, 0x07ec0000, 0x0fea0000)
  eden space 35072K,   0% used [0x05400000, 0x05400000, 0x07640000)
  from space 4352K,   0% used [0x07640000, 0x076401c0, 0x07a80000)
  to   space 4352K,   0% used [0x07a80000, 0x07a80000, 0x07ec0000)
 tenured generation   total 87424K, used 65656K [0x0fea0000, 0x15400000, 0x25400000)
   the space 87424K,  75% used [0x0fea0000, 0x13ebe1c0, 0x13ebe200, 0x15400000)
 Metaspace       used 18770K, capacity 19183K, committed 19200K, reserved 19840K
}
Event: 83753.586 GC heap before
{Heap before GC invocations=79 (full 1):
 def new generation   total 39424K, used 35072K [0x05400000, 0x07ec0000, 0x0fea0000)
  eden space 35072K, 100% used [0x05400000, 0x07640000, 0x07640000)
  from space 4352K,   0% used [0x07640000, 0x076401c0, 0x07a80000)
  to   space 4352K,   0% used [0x07a80000, 0x07a80000, 0x07ec0000)
 tenured generation   total 87424K, used 65656K [0x0fea0000, 0x15400000, 0x25400000)
   the space 87424K,  75% used [0x0fea0000, 0x13ebe1c0, 0x13ebe200, 0x15400000)
 Metaspace       used 18770K, capacity 19183K, committed 19200K, reserved 19840K
Event: 83753.589 GC heap after
Heap after GC invocations=80 (full 1):
 def new generation   total 39424K, used 0K [0x05400000, 0x07ec0000, 0x0fea0000)
  eden space 35072K,   0% used [0x05400000, 0x05400000, 0x07640000)
  from space 4352K,   0% used [0x07a80000, 0x07a80280, 0x07ec0000)
  to   space 4352K,   0% used [0x07640000, 0x07640000, 0x07a80000)
 tenured generation   total 87424K, used 65656K [0x0fea0000, 0x15400000, 0x25400000)
   the space 87424K,  75% used [0x0fea0000, 0x13ebe1c0, 0x13ebe200, 0x15400000)
 Metaspace       used 18770K, capacity 19183K, committed 19200K, reserved 19840K
}
Event: 83762.041 GC heap before
{Heap before GC invocations=80 (full 1):
 def new generation   total 39424K, used 35072K [0x05400000, 0x07ec0000, 0x0fea0000)
  eden space 35072K, 100% used [0x05400000, 0x07640000, 0x07640000)
  from space 4352K,   0% used [0x07a80000, 0x07a80280, 0x07ec0000)
  to   space 4352K,   0% used [0x07640000, 0x07640000, 0x07a80000)
 tenured generation   total 87424K, used 65656K [0x0fea0000, 0x15400000, 0x25400000)
   the space 87424K,  75% used [0x0fea0000, 0x13ebe1c0, 0x13ebe200, 0x15400000)
 Metaspace       used 18770K, capacity 19183K, committed 19200K, reserved 19840K
Event: 83762.044 GC heap after
Heap after GC invocations=81 (full 1):
 def new generation   total 39424K, used 0K [0x05400000, 0x07ec0000, 0x0fea0000)
  eden space 35072K,   0% used [0x05400000, 0x05400000, 0x07640000)
  from space 4352K,   0% used [0x07640000, 0x076401d0, 0x07a80000)
  to   space 4352K,   0% used [0x07a80000, 0x07a80000, 0x07ec0000)
 tenured generation   total 87424K, used 65656K [0x0fea0000, 0x15400000, 0x25400000)
   the space 87424K,  75% used [0x0fea0000, 0x13ebe1c0, 0x13ebe200, 0x15400000)
 Metaspace       used 18770K, capacity 19183K, committed 19200K, reserved 19840K
}
Event: 83769.625 GC heap before
{Heap before GC invocations=81 (full 1):
 def new generation   total 39424K, used 35072K [0x05400000, 0x07ec0000, 0x0fea0000)
  eden space 35072K, 100% used [0x05400000, 0x07640000, 0x07640000)
  from space 4352K,   0% used [0x07640000, 0x076401d0, 0x07a80000)
  to   space 4352K,   0% used [0x07a80000, 0x07a80000, 0x07ec0000)
 tenured generation   total 87424K, used 65656K [0x0fea0000, 0x15400000, 0x25400000)
   the space 87424K,  75% used [0x0fea0000, 0x13ebe1c0, 0x13ebe200, 0x15400000)
 Metaspace       used 18770K, capacity 19183K, committed 19200K, reserved 19840K
Event: 83769.628 GC heap after
Heap after GC invocations=82 (full 1):
 def new generation   total 39424K, used 0K [0x05400000, 0x07ec0000, 0x0fea0000)
  eden space 35072K,   0% used [0x05400000, 0x05400000, 0x07640000)
  from space 4352K,   0% used [0x07a80000, 0x07a801f8, 0x07ec0000)
  to   space 4352K,   0% used [0x07640000, 0x07640000, 0x07a80000)
 tenured generation   total 87424K, used 65656K [0x0fea0000, 0x15400000, 0x25400000)
   the space 87424K,  75% used [0x0fea0000, 0x13ebe1c0, 0x13ebe200, 0x15400000)
 Metaspace       used 18770K, capacity 19183K, committed 19200K, reserved 19840K
}

