# JRE version: Java(TM) SE Runtime Environment (8.0_92-b14) (build 1.8.0_92-b14)
# Java VM: Java HotSpot(TM) Client VM (25.92-b14 mixed mode windows-x86 )
Heap:
 def new generation   total 39424K, used 13113K [0x04800000, 0x072c0000, 0x0f2a0000)
  eden space 35072K,  37% used [0x04800000, 0x054ad1c0, 0x06a40000)
  from space 4352K,   3% used [0x06a40000, 0x06a61590, 0x06e80000)
  to   space 4352K,   0% used [0x06e80000, 0x06e80000, 0x072c0000)
 tenured generation   total 87424K, used 21551K [0x0f2a0000, 0x14800000, 0x24800000)
   the space 87424K,  24% used [0x0f2a0000, 0x107abc88, 0x107abe00, 0x14800000)
 Metaspace       used 18131K, capacity 18543K, committed 18560K, reserved 18816K
GC Heap History (10 events):
Event: 42456.187 GC heap before
{Heap before GC invocations=8 (full 1):
 def new generation   total 39424K, used 35129K [0x04800000, 0x072c0000, 0x0f2a0000)
  eden space 35072K, 100% used [0x04800000, 0x06a40000, 0x06a40000)
  from space 4352K,   1% used [0x06e80000, 0x06e8e408, 0x072c0000)
  to   space 4352K,   0% used [0x06a40000, 0x06a40000, 0x06e80000)
 tenured generation   total 87424K, used 21551K [0x0f2a0000, 0x14800000, 0x24800000)
   the space 87424K,  24% used [0x0f2a0000, 0x107abc88, 0x107abe00, 0x14800000)
 Metaspace       used 18128K, capacity 18543K, committed 18560K, reserved 18816K
Event: 42456.198 GC heap after
Heap after GC invocations=9 (full 1):
 def new generation   total 39424K, used 69K [0x04800000, 0x072c0000, 0x0f2a0000)
  eden space 35072K,   0% used [0x04800000, 0x04800000, 0x06a40000)
  from space 4352K,   1% used [0x06a40000, 0x06a515e8, 0x06e80000)
  to   space 4352K,   0% used [0x06e80000, 0x06e80000, 0x072c0000)
 tenured generation   total 87424K, used 21551K [0x0f2a0000, 0x14800000, 0x24800000)
   the space 87424K,  24% used [0x0f2a0000, 0x107abc88, 0x107abe00, 0x14800000)
 Metaspace       used 18128K, capacity 18543K, committed 18560K, reserved 18816K
}
Event: 45278.179 GC heap before
{Heap before GC invocations=9 (full 1):
 def new generation   total 39424K, used 35141K [0x04800000, 0x072c0000, 0x0f2a0000)
  eden space 35072K, 100% used [0x04800000, 0x06a40000, 0x06a40000)
  from space 4352K,   1% used [0x06a40000, 0x06a515e8, 0x06e80000)
  to   space 4352K,   0% used [0x06e80000, 0x06e80000, 0x072c0000)
 tenured generation   total 87424K, used 21551K [0x0f2a0000, 0x14800000, 0x24800000)
   the space 87424K,  24% used [0x0f2a0000, 0x107abc88, 0x107abe00, 0x14800000)
 Metaspace       used 18128K, capacity 18543K, committed 18560K, reserved 18816K
Event: 45278.212 GC heap after
Heap after GC invocations=10 (full 1):
 def new generation   total 39424K, used 68K [0x04800000, 0x072c0000, 0x0f2a0000)
  eden space 35072K,   0% used [0x04800000, 0x04800000, 0x06a40000)
  from space 4352K,   1% used [0x06e80000, 0x06e91198, 0x072c0000)
  to   space 4352K,   0% used [0x06a40000, 0x06a40000, 0x06e80000)
 tenured generation   total 87424K, used 21551K [0x0f2a0000, 0x14800000, 0x24800000)
   the space 87424K,  24% used [0x0f2a0000, 0x107abc88, 0x107abe00, 0x14800000)
 Metaspace       used 18128K, capacity 18543K, committed 18560K, reserved 18816K
}
Event: 47729.445 GC heap before
{Heap before GC invocations=10 (full 1):
 def new generation   total 39424K, used 35140K [0x04800000, 0x072c0000, 0x0f2a0000)
  eden space 35072K, 100% used [0x04800000, 0x06a40000, 0x06a40000)
  from space 4352K,   1% used [0x06e80000, 0x06e91198, 0x072c0000)
  to   space 4352K,   0% used [0x06a40000, 0x06a40000, 0x06e80000)
 tenured generation   total 87424K, used 21551K [0x0f2a0000, 0x14800000, 0x24800000)
   the space 87424K,  24% used [0x0f2a0000, 0x107abc88, 0x107abe00, 0x14800000)
 Metaspace       used 18128K, capacity 18543K, committed 18560K, reserved 18816K
Event: 47729.476 GC heap after
Heap after GC invocations=11 (full 1):
 def new generation   total 39424K, used 69K [0x04800000, 0x072c0000, 0x0f2a0000)
  eden space 35072K,   0% used [0x04800000, 0x04800000, 0x06a40000)
  from space 4352K,   1% used [0x06a40000, 0x06a51460, 0x06e80000)
  to   space 4352K,   0% used [0x06e80000, 0x06e80000, 0x072c0000)
 tenured generation   total 87424K, used 21551K [0x0f2a0000, 0x14800000, 0x24800000)
   the space 87424K,  24% used [0x0f2a0000, 0x107abc88, 0x107abe00, 0x14800000)
 Metaspace       used 18128K, capacity 18543K, committed 18560K, reserved 18816K
}
Event: 69034.015 GC heap before
{Heap before GC invocations=11 (full 1):
 def new generation   total 39424K, used 35141K [0x04800000, 0x072c0000, 0x0f2a0000)
  eden space 35072K, 100% used [0x04800000, 0x06a40000, 0x06a40000)
  from space 4352K,   1% used [0x06a40000, 0x06a51460, 0x06e80000)
  to   space 4352K,   0% used [0x06e80000, 0x06e80000, 0x072c0000)
 tenured generation   total 87424K, used 21551K [0x0f2a0000, 0x14800000, 0x24800000)
   the space 87424K,  24% used [0x0f2a0000, 0x107abc88, 0x107abe00, 0x14800000)
 Metaspace       used 18128K, capacity 18543K, committed 18560K, reserved 18816K
Event: 69034.032 GC heap after
Heap after GC invocations=12 (full 1):
 def new generation   total 39424K, used 129K [0x04800000, 0x072c0000, 0x0f2a0000)
  eden space 35072K,   0% used [0x04800000, 0x04800000, 0x06a40000)
  from space 4352K,   2% used [0x06e80000, 0x06ea0518, 0x072c0000)
  to   space 4352K,   0% used [0x06a40000, 0x06a40000, 0x06e80000)
 tenured generation   total 87424K, used 21551K [0x0f2a0000, 0x14800000, 0x24800000)
   the space 87424K,  24% used [0x0f2a0000, 0x107abc88, 0x107abe00, 0x14800000)
 Metaspace       used 18128K, capacity 18543K, committed 18560K, reserved 18816K
}
Event: 82144.557 GC heap before
{Heap before GC invocations=12 (full 1):
 def new generation   total 39424K, used 35201K [0x04800000, 0x072c0000, 0x0f2a0000)
  eden space 35072K, 100% used [0x04800000, 0x06a40000, 0x06a40000)
  from space 4352K,   2% used [0x06e80000, 0x06ea0518, 0x072c0000)
  to   space 4352K,   0% used [0x06a40000, 0x06a40000, 0x06e80000)
 tenured generation   total 87424K, used 21551K [0x0f2a0000, 0x14800000, 0x24800000)
   the space 87424K,  24% used [0x0f2a0000, 0x107abc88, 0x107abe00, 0x14800000)
 Metaspace       used 18131K, capacity 18543K, committed 18560K, reserved 18816K
Event: 82144.606 GC heap after
Heap after GC invocations=13 (full 1):
 def new generation   total 39424K, used 133K [0x04800000, 0x072c0000, 0x0f2a0000)
  eden space 35072K,   0% used [0x04800000, 0x04800000, 0x06a40000)
  from space 4352K,   3% used [0x06a40000, 0x06a61590, 0x06e80000)
  to   space 4352K,   0% used [0x06e80000, 0x06e80000, 0x072c0000)
 tenured generation   total 87424K, used 21551K [0x0f2a0000, 0x14800000, 0x24800000)
   the space 87424K,  24% used [0x0f2a0000, 0x107abc88, 0x107abe00, 0x14800000)
 Metaspace       used 18131K, capacity 18543K, committed 18560K, reserved 18816K
}

